d:\workspace\pixelplayer\windows\pixelplayer\pixelplayer\debug\vc120.pdb
d:\workspace\pixelplayer\windows\pixelplayer\pixelplayer\debug\moc_pixelplayer.obj
d:\workspace\pixelplayer\windows\pixelplayer\pixelplayer\debug\main.obj
d:\workspace\pixelplayer\windows\pixelplayer\pixelplayer\debug\qrc_pixelplayer.obj
d:\workspace\pixelplayer\windows\pixelplayer\pixelplayer\debug\pixelplayer.obj
d:\workspace\pixelplayer\windows\pixelplayer\pixelplayer\generatedfiles\qrc_pixelplayer.cpp
d:\workspace\pixelplayer\windows\pixelplayer\pixelplayer\generatedfiles\ui_pixelplayer.h
d:\workspace\pixelplayer\windows\pixelplayer\pixelplayer\generatedfiles\debug\moc_pixelplayer.cpp
d:\workspace\pixelplayer\windows\pixelplayer\win32\debug\pixelplayer.pdb
d:\workspace\pixelplayer\windows\pixelplayer\pixelplayer\debug\pixelplayer.tlog\cl.command.1.tlog
d:\workspace\pixelplayer\windows\pixelplayer\pixelplayer\debug\pixelplayer.tlog\cl.read.1.tlog
d:\workspace\pixelplayer\windows\pixelplayer\pixelplayer\debug\pixelplayer.tlog\cl.write.1.tlog
d:\workspace\pixelplayer\windows\pixelplayer\pixelplayer\debug\pixelplayer.tlog\custombuild.command.1.tlog
d:\workspace\pixelplayer\windows\pixelplayer\pixelplayer\debug\pixelplayer.tlog\custombuild.read.1.tlog
d:\workspace\pixelplayer\windows\pixelplayer\pixelplayer\debug\pixelplayer.tlog\custombuild.write.1.tlog
d:\workspace\pixelplayer\windows\pixelplayer\pixelplayer\debug\pixelplayer.tlog\link.65240-cvtres.read.1.tlog
d:\workspace\pixelplayer\windows\pixelplayer\pixelplayer\debug\pixelplayer.tlog\link.65240-cvtres.write.1.tlog
d:\workspace\pixelplayer\windows\pixelplayer\pixelplayer\debug\pixelplayer.tlog\link.65240-rc.read.1.tlog
d:\workspace\pixelplayer\windows\pixelplayer\pixelplayer\debug\pixelplayer.tlog\link.65240-rc.write.1.tlog
d:\workspace\pixelplayer\windows\pixelplayer\pixelplayer\debug\pixelplayer.tlog\link.65240.read.1.tlog
d:\workspace\pixelplayer\windows\pixelplayer\pixelplayer\debug\pixelplayer.tlog\link.65240.write.1.tlog
d:\workspace\pixelplayer\windows\pixelplayer\pixelplayer\debug\pixelplayer.tlog\link.command.1.tlog
d:\workspace\pixelplayer\windows\pixelplayer\pixelplayer\debug\pixelplayer.tlog\link.read.1.tlog
d:\workspace\pixelplayer\windows\pixelplayer\pixelplayer\debug\pixelplayer.tlog\link.write.1.tlog
